ffmpeg started on 2025-08-09 at 17:58:30
Report written to "ffmpeg-20250809-175830.log"
Log level: 48
Command line:
ffmpeg -y -report -f concat -safe 0 -i "C:\\Users\\haim4\\Desktop\\StoryShort MVP Development Plan\\storyshort\\renders\\edfff105-9d8d-468c-a228-ef112378620c\\temp\\images.txt" -i "C:\\Users\\haim4\\Desktop\\StoryShort MVP Development Plan\\storyshort\\renders\\edfff105-9d8d-468c-a228-ef112378620c\\temp\\audio.mp3" -c:v libx264 -preset fast -crf 23 -c:a aac -b:a 128k -shortest -vf "subtitles=filename='C:\\\\Users\\\\haim4\\\\Desktop\\\\StoryShort MVP Development Plan\\\\storyshort\\\\renders\\\\edfff105-9d8d-468c-a228-ef112378620c\\\\temp\\\\captions.srt':force_style='FontSize=24,PrimaryColour=&Hffffff,OutlineColour=&H000000,BackColour=&H000000,Bold=1'" -r 30 "C:\\Users\\haim4\\Desktop\\StoryShort MVP Development Plan\\storyshort\\renders\\edfff105-9d8d-468c-a228-ef112378620c\\temp\\output.mp4"
ffmpeg version 7.1.1-essentials_build-www.gyan.dev Copyright (c) 2000-2025 the FFmpeg developers
  built with gcc 14.2.0 (Rev1, Built by MSYS2 project)
  configuration: --enable-gpl --enable-version3 --enable-static --disable-w32threads --disable-autodetect --enable-fontconfig --enable-iconv --enable-gnutls --enable-libxml2 --enable-gmp --enable-bzlib --enable-lzma --enable-zlib --enable-libsrt --enable-libssh --enable-libzmq --enable-avisynth --enable-sdl2 --enable-libwebp --enable-libx264 --enable-libx265 --enable-libxvid --enable-libaom --enable-libopenjpeg --enable-libvpx --enable-mediafoundation --enable-libass --enable-libfreetype --enable-libfribidi --enable-libharfbuzz --enable-libvidstab --enable-libvmaf --enable-libzimg --enable-amf --enable-cuda-llvm --enable-cuvid --enable-dxva2 --enable-d3d11va --enable-d3d12va --enable-ffnvcodec --enable-libvpl --enable-nvdec --enable-nvenc --enable-vaapi --enable-libgme --enable-libopenmpt --enable-libopencore-amrwb --enable-libmp3lame --enable-libtheora --enable-libvo-amrwbenc --enable-libgsm --enable-libopencore-amrnb --enable-libopus --enable-libspeex --enable-libvorbis --enable-librubberband
  libavutil      59. 39.100 / 59. 39.100
  libavcodec     61. 19.101 / 61. 19.101
  libavformat    61.  7.100 / 61.  7.100
  libavdevice    61.  3.100 / 61.  3.100
  libavfilter    10.  4.100 / 10.  4.100
  libswscale      8.  3.100 /  8.  3.100
  libswresample   5.  3.100 /  5.  3.100
  libpostproc    58.  3.100 / 58.  3.100
Splitting the commandline.
Reading option '-y' ... matched as option 'y' (overwrite output files) with argument '1'.
Reading option '-report' ... matched as option 'report' (generate a report) with argument '1'.
Reading option '-f' ... matched as option 'f' (force container format (auto-detected otherwise)) with argument 'concat'.
Reading option '-safe' ... matched as AVOption 'safe' with argument '0'.
Reading option '-i' ... matched as input url with argument 'C:\Users\haim4\Desktop\StoryShort MVP Development Plan\storyshort\renders\edfff105-9d8d-468c-a228-ef112378620c\temp\images.txt'.
Reading option '-i' ... matched as input url with argument 'C:\Users\haim4\Desktop\StoryShort MVP Development Plan\storyshort\renders\edfff105-9d8d-468c-a228-ef112378620c\temp\audio.mp3'.
Reading option '-c:v' ... matched as option 'c' (select encoder/decoder ('copy' to copy stream without reencoding)) with argument 'libx264'.
Reading option '-preset' ... matched as AVOption 'preset' with argument 'fast'.
Reading option '-crf' ... matched as AVOption 'crf' with argument '23'.
Reading option '-c:a' ... matched as option 'c' (select encoder/decoder ('copy' to copy stream without reencoding)) with argument 'aac'.
Reading option '-b:a' ... matched as option 'b' (video bitrate (please use -b:v)) with argument '128k'.
Reading option '-shortest' ... matched as option 'shortest' (finish encoding within shortest input) with argument '1'.
Reading option '-vf' ... matched as option 'vf' (alias for -filter:v (apply filters to video streams)) with argument 'subtitles=filename='C:\\Users\\haim4\\Desktop\\StoryShort MVP Development Plan\\storyshort\\renders\\edfff105-9d8d-468c-a228-ef112378620c\\temp\\captions.srt':force_style='FontSize=24,PrimaryColour=&Hffffff,OutlineColour=&H000000,BackColour=&H000000,Bold=1''.
Reading option '-r' ... matched as option 'r' (override input framerate/convert to given output framerate (Hz value, fraction or abbreviation)) with argument '30'.
Reading option 'C:\Users\haim4\Desktop\StoryShort MVP Development Plan\storyshort\renders\edfff105-9d8d-468c-a228-ef112378620c\temp\output.mp4' ... matched as output url.
Finished splitting the commandline.
Parsing a group of options: global .
Applying option y (overwrite output files) with argument 1.
Applying option report (generate a report) with argument 1.
Successfully parsed a group of options.
Parsing a group of options: input url C:\Users\haim4\Desktop\StoryShort MVP Development Plan\storyshort\renders\edfff105-9d8d-468c-a228-ef112378620c\temp\images.txt.
Applying option f (force container format (auto-detected otherwise)) with argument concat.
Successfully parsed a group of options.
Opening an input file: C:\Users\haim4\Desktop\StoryShort MVP Development Plan\storyshort\renders\edfff105-9d8d-468c-a228-ef112378620c\temp\images.txt.
[concat @ 000001c76ee6fe00] Opening 'C:\Users\haim4\Desktop\StoryShort MVP Development Plan\storyshort\renders\edfff105-9d8d-468c-a228-ef112378620c\temp\images.txt' for reading
[file @ 000001c76ee70cc0] Setting default whitelist 'file,crypto,data'
[AVFormatContext @ 000001c76ee70f40] Opening 'C:\Users\haim4\Desktop\StoryShort MVP Development Plan\storyshort\renders\edfff105-9d8d-468c-a228-ef112378620c\temp\scene-01.jpg' for reading
[png_pipe @ 000001c76ee70f40] Format png_pipe probed with size=2048 and score=99
[png_pipe @ 000001c76ee70f40] Before avformat_find_stream_info() pos: 0 bytes read:32768 seeks:0 nb_streams:1
[png_pipe @ 000001c76ee70f40] After avformat_find_stream_info() pos: 2969677 bytes read:2969677 seeks:0 frames:1
[concat @ 000001c76ee6fe00] Before avformat_find_stream_info() pos: 816 bytes read:816 seeks:0 nb_streams:1
[concat @ 000001c76ee6fe00] file:0 stream:0 pts:0 pts_time:0 dts:0 dts_time:0 -> pts:0 pts_time:0 dts:0 dts_time:0
[concat @ 000001c76ee6fe00] All info found
[concat @ 000001c76ee6fe00] After avformat_find_stream_info() pos: 816 bytes read:816 seeks:0 frames:1
Input #0, concat, from 'C:\Users\haim4\Desktop\StoryShort MVP Development Plan\storyshort\renders\edfff105-9d8d-468c-a228-ef112378620c\temp\images.txt':
  Duration: N/A, start: 0.000000, bitrate: N/A
  Stream #0:0, 1, 1/25: Video: png, rgb24(pc, gbr/unknown/unknown), 1024x1792, 25 fps, 25 tbr, 25 tbn
Successfully opened the file.
Parsing a group of options: input url C:\Users\haim4\Desktop\StoryShort MVP Development Plan\storyshort\renders\edfff105-9d8d-468c-a228-ef112378620c\temp\audio.mp3.
Successfully parsed a group of options.
Opening an input file: C:\Users\haim4\Desktop\StoryShort MVP Development Plan\storyshort\renders\edfff105-9d8d-468c-a228-ef112378620c\temp\audio.mp3.
[AVFormatContext @ 000001c76ee84400] Opening 'C:\Users\haim4\Desktop\StoryShort MVP Development Plan\storyshort\renders\edfff105-9d8d-468c-a228-ef112378620c\temp\audio.mp3' for reading
[file @ 000001c76ee71780] Setting default whitelist 'file,crypto,data'
[mp3 @ 000001c76ee84400] Format mp3 probed with size=4096 and score=51
id3v2 ver:4 flags:00 len:35
[mp3 @ 000001c76ee84400] Skipping 0 bytes of junk at 45.
[mp3 @ 000001c76ee84400] Before avformat_find_stream_info() pos: 45 bytes read:32768 seeks:0 nb_streams:1
[mp3 @ 000001c76ee84400] All info found
[mp3 @ 000001c76ee84400] Estimating duration from bitrate, this may be inaccurate
[mp3 @ 000001c76ee84400] After avformat_find_stream_info() pos: 21549 bytes read:32768 seeks:0 frames:50
Input #1, mp3, from 'C:\Users\haim4\Desktop\StoryShort MVP Development Plan\storyshort\renders\edfff105-9d8d-468c-a228-ef112378620c\temp\audio.mp3':
  Metadata:
    encoder         : Lavf60.16.100
  Duration: 00:00:27.66, start: 0.000000, bitrate: 128 kb/s
  Stream #1:0, 50, 1/14112000: Audio: mp3 (mp3float), 44100 Hz, mono, fltp, 128 kb/s
Successfully opened the file.
Parsing a group of options: output url C:\Users\haim4\Desktop\StoryShort MVP Development Plan\storyshort\renders\edfff105-9d8d-468c-a228-ef112378620c\temp\output.mp4.
Applying option c:v (select encoder/decoder ('copy' to copy stream without reencoding)) with argument libx264.
Applying option c:a (select encoder/decoder ('copy' to copy stream without reencoding)) with argument aac.
Applying option b:a (video bitrate (please use -b:v)) with argument 128k.
Applying option shortest (finish encoding within shortest input) with argument 1.
Applying option vf (alias for -filter:v (apply filters to video streams)) with argument subtitles=filename='C:\\Users\\haim4\\Desktop\\StoryShort MVP Development Plan\\storyshort\\renders\\edfff105-9d8d-468c-a228-ef112378620c\\temp\\captions.srt':force_style='FontSize=24,PrimaryColour=&Hffffff,OutlineColour=&H000000,BackColour=&H000000,Bold=1'.
Applying option r (override input framerate/convert to given output framerate (Hz value, fraction or abbreviation)) with argument 30.
Successfully parsed a group of options.
Opening an output file: C:\Users\haim4\Desktop\StoryShort MVP Development Plan\storyshort\renders\edfff105-9d8d-468c-a228-ef112378620c\temp\output.mp4.
[out#0/mp4 @ 000001c76ee99a80] No explicit maps, mapping streams automatically...
[vost#0:0/libx264 @ 000001c76ee86240] Created video stream from input stream 0:0
[AVFilterGraph @ 000001c76ee98600] Setting 'filename' to value 'C'
[AVFilterGraph @ 000001c76ee98600] No option name near '\\Users\\haim4\\Desktop\\StoryShort MVP Development Plan\\storyshort\\renders\\edfff105-9d8d-468c-a228-ef112378620c\\temp\\captions.srt:force_style=FontSize=24,PrimaryColour=&Hffffff,OutlineColour=&H000000,BackColour=&H000000,Bold=1'
[AVFilterGraph @ 000001c76ee98600] Error parsing a filter description around: 
[AVFilterGraph @ 000001c76ee98600] Error parsing filterchain 'subtitles=filename='C:\\Users\\haim4\\Desktop\\StoryShort MVP Development Plan\\storyshort\\renders\\edfff105-9d8d-468c-a228-ef112378620c\\temp\\captions.srt':force_style='FontSize=24,PrimaryColour=&Hffffff,OutlineColour=&H000000,BackColour=&H000000,Bold=1'' around: 
Error opening output file C:\Users\haim4\Desktop\StoryShort MVP Development Plan\storyshort\renders\edfff105-9d8d-468c-a228-ef112378620c\temp\output.mp4.
Error opening output files: Invalid argument
[AVIOContext @ 000001c76ee89040] Statistics: 2969677 bytes read, 0 seeks
[AVIOContext @ 000001c76ee80000] Statistics: 816 bytes read, 0 seeks
[AVIOContext @ 000001c76ee718c0] Statistics: 32768 bytes read, 0 seeks
